<?xml version="1.0" encoding="UTF-8"?>
<!-- Generated by org.testng.reporters.JUnitReportReporter -->
<testsuite hostname="DESKTOP-HKBD9MC" failures="0" tests="1" name="com.pratik.parallel.sampletestng" time="7.617" errors="0" timestamp="2024-02-29T14:35:40 IST" skipped="0">
  <testcase classname="com.pratik.parallel.sampletestng" name="openflipkart" time="7.617"/>
  <system-out/>
</testsuite> <!-- com.pratik.parallel.sampletestng -->
