<?xml version="1.0" encoding="UTF-8"?>
<!-- Generated by org.testng.reporters.JUnitReportReporter -->
<testsuite hostname="DESKTOP-HKBD9MC" failures="0" tests="3" name="com.pratik.parallelpractice.tutorialspoint" time="9.127" errors="0" timestamp="2024-02-29T14:35:40 IST" skipped="0">
  <testcase classname="com.pratik.parallelpractice.tutorialspoint" name="testMethod2" time="0.003"/>
  <system-out/>
  <testcase classname="com.pratik.parallelpractice.tutorialspoint" name="testMethod1" time="0.002"/>
  <system-out/>
  <testcase classname="com.pratik.parallelpractice.tutorialspoint" name="openFacebook" time="9.122"/>
  <system-out/>
</testsuite> <!-- com.pratik.parallelpractice.tutorialspoint -->
