<?xml version="1.0" encoding="UTF-8"?>
<!-- Generated by org.testng.reporters.JUnitReportReporter -->
<testsuite hostname="DESKTOP-HKBD9MC" failures="0" tests="2" name="com.pratik.parallelpractice.javatpoint" time="50.755" errors="0" timestamp="2024-02-29T14:35:40 IST" skipped="0">
  <testcase classname="com.pratik.parallelpractice.javatpoint" name="testMethod1" time="0.001"/>
  <system-out/>
  <testcase classname="com.pratik.parallelpractice.javatpoint" name="openInstagram" time="50.754"/>
  <system-out/>
</testsuite> <!-- com.pratik.parallelpractice.javatpoint -->
