<?xml version="1.0" encoding="UTF-8"?>
<!-- Generated by org.testng.reporters.JUnitReportReporter -->
<testsuite hostname="DESKTOP-HKBD9MC" failures="0" tests="1" name="com.pratik.testngdemo.TestNGDemo" time="7.121" errors="0" timestamp="2024-02-29T14:35:40 IST" skipped="0">
  <testcase classname="com.pratik.testngdemo.TestNGDemo" name="openlink" time="7.121"/>
  <system-out/>
</testsuite> <!-- com.pratik.testngdemo.TestNGDemo -->
