<?xml version="1.0" encoding="UTF-8"?>
<!-- Generated by org.testng.reporters.JUnitReportReporter -->
<testsuite hostname="DESKTOP-HKBD9MC" failures="0" tests="1" name="com.pratik.assertpractice.testAssertFalse" time="4.117" errors="0" timestamp="2024-02-29T12:40:01 IST" skipped="0">
  <testcase classname="com.pratik.assertpractice.testAssertFalse" name="testAssertFunctions" time="4.117"/>
  <system-out/>
</testsuite> <!-- com.pratik.assertpractice.testAssertFalse -->
