<?xml version="1.0" encoding="UTF-8"?>
<!-- Generated by org.testng.reporters.JUnitReportReporter -->
<testsuite hostname="DESKTOP-HKBD9MC" failures="0" tests="4" name="com.pratik.parallelpractice.geeksforgeeks" time="11.690" errors="0" timestamp="2024-02-29T14:35:40 IST" skipped="0">
  <testcase classname="com.pratik.parallelpractice.geeksforgeeks" name="openTwitter" time="11.687"/>
  <system-out/>
  <testcase classname="com.pratik.parallelpractice.geeksforgeeks" name="testMethod1" time="0.001"/>
  <system-out/>
  <testcase classname="com.pratik.parallelpractice.geeksforgeeks" name="testMethod3" time="0.001"/>
  <system-out/>
  <testcase classname="com.pratik.parallelpractice.geeksforgeeks" name="testMethod2" time="0.001"/>
  <system-out/>
</testsuite> <!-- com.pratik.parallelpractice.geeksforgeeks -->
