<?xml version="1.0" encoding="UTF-8"?>
<!-- Generated by org.testng.reporters.JUnitReportReporter -->
<testsuite hostname="DESKTOP-HKBD9MC" failures="0" tests="1" name="com.pratik.assertpractice.testAssertNotEqual" time="4.927" errors="0" timestamp="2024-02-29T12:31:56 IST" skipped="0">
  <testcase classname="com.pratik.assertpractice.testAssertNotEqual" name="testAssertFunctions" time="4.927"/>
  <system-out/>
</testsuite> <!-- com.pratik.assertpractice.testAssertNotEqual -->
