<?xml version="1.0" encoding="UTF-8"?>
<!-- Generated by org.testng.reporters.JUnitReportReporter -->
<testsuite hostname="DESKTOP-HKBD9MC" failures="0" tests="1" name="com.pratik.practiceActionclass.Excersise1" time="14.224" errors="0" timestamp="2024-02-29T19:32:37 IST" skipped="0">
  <testcase classname="com.pratik.practiceActionclass.Excersise1" name="execution" time="14.224"/>
  <system-out/>
</testsuite> <!-- com.pratik.practiceActionclass.Excersise1 -->
